[0m[32mTask[0m [0m[36mstart[0m deno run --allow-env --allow-net --watch --allow-read src/deno_index.ts
[0m[38;5;12mWatcher[0m Process started.
Listening on http://0.0.0.0:9080/ (http://localhost:9080/)
Request URL: http://192.168.3.25:9080/
filePath: /
Request URL: http://192.168.3.25:9080/how_to_get_cookie.png
filePath: /how_to_get_cookie.png
Request URL: http://192.168.3.25:9080/favicon.ico
filePath: /favicon.ico
Request URL: http://192.168.3.25:9080/favicon.ico
Target URL: https://grok.com/favicon.ico
Error saving cookies: NotCapable: Requires write access to "../data/grok_cookies.json", run again with the --allow-write flag
    at writeFile (ext:deno_fs/30_fs.js:842:13)
    at Object.writeTextFile (ext:deno_fs/30_fs.js:884:12)
    at saveCookies (file:///root/projects/grok-playground-better/src/handle_grok.js:19:20)
    at handleGrokRequest (file:///root/projects/grok-playground-better/src/handle_grok.js:62:9)
    at eventLoopTick (ext:core/01_core.js:178:7)
    at async mapped (ext:deno_http/00_serve.ts:399:18) {
  name: "NotCapable"
}
Request URL: http://192.168.3.25:9080/_next/static/media/1f2316909698f815.p.woff2
filePath: /_next/static/media/1f2316909698f815.p.woff2
Request URL: http://192.168.3.25:9080/_next/static/media/1f2316909698f815.p.woff2
Target URL: https://grok.com/_next/static/media/1f2316909698f815.p.woff2
Error saving cookies: NotCapable: Requires write access to "../data/grok_cookies.json", run again with the --allow-write flag
    at writeFile (ext:deno_fs/30_fs.js:842:13)
    at Object.writeTextFile (ext:deno_fs/30_fs.js:884:12)
    at saveCookies (file:///root/projects/grok-playground-better/src/handle_grok.js:19:20)
    at handleGrokRequest (file:///root/projects/grok-playground-better/src/handle_grok.js:62:9)
    at eventLoopTick (ext:core/01_core.js:178:7)
    at async mapped (ext:deno_http/00_serve.ts:399:18) {
  name: "NotCapable"
}
Request URL: http://192.168.3.25:9080/_next/static/media/3d4419af2cf8609b.p.woff2
filePath: /_next/static/media/3d4419af2cf8609b.p.woff2
Request URL: http://192.168.3.25:9080/_next/static/media/3d4419af2cf8609b.p.woff2
Target URL: https://grok.com/_next/static/media/3d4419af2cf8609b.p.woff2
Request URL: http://192.168.3.25:9080/_next/static/media/4dec29efcaeb336c.p.woff2
filePath: /_next/static/media/4dec29efcaeb336c.p.woff2
Request URL: http://192.168.3.25:9080/_next/static/media/4dec29efcaeb336c.p.woff2
Target URL: https://grok.com/_next/static/media/4dec29efcaeb336c.p.woff2
Request URL: http://192.168.3.25:9080/_next/static/media/74452ea3ef0f9101.p.woff2
filePath: /_next/static/media/74452ea3ef0f9101.p.woff2
Request URL: http://192.168.3.25:9080/_next/static/media/74452ea3ef0f9101.p.woff2
Target URL: https://grok.com/_next/static/media/74452ea3ef0f9101.p.woff2
Request URL: http://192.168.3.25:9080/_next/static/media/904ef0a86fe32a00.p.woff2
filePath: /_next/static/media/904ef0a86fe32a00.p.woff2
Request URL: http://192.168.3.25:9080/_next/static/media/904ef0a86fe32a00.p.woff2
Target URL: https://grok.com/_next/static/media/904ef0a86fe32a00.p.woff2
Request URL: http://192.168.3.25:9080/_next/static/media/d886a03bcda7ad8f.p.woff2
filePath: /_next/static/media/d886a03bcda7ad8f.p.woff2
Request URL: http://192.168.3.25:9080/_next/static/media/d886a03bcda7ad8f.p.woff2
Target URL: https://grok.com/_next/static/media/d886a03bcda7ad8f.p.woff2
Error saving cookies: NotCapable: Requires write access to "../data/grok_cookies.json", run again with the --allow-write flag
    at writeFile (ext:deno_fs/30_fs.js:842:13)
    at Object.writeTextFile (ext:deno_fs/30_fs.js:884:12)
    at saveCookies (file:///root/projects/grok-playground-better/src/handle_grok.js:19:20)
    at handleGrokRequest (file:///root/projects/grok-playground-better/src/handle_grok.js:62:9)
    at eventLoopTick (ext:core/01_core.js:178:7)
    at async mapped (ext:deno_http/00_serve.ts:399:18) {
  name: "NotCapable"
}
Error saving cookies: NotCapable: Requires write access to "../data/grok_cookies.json", run again with the --allow-write flag
    at writeFile (ext:deno_fs/30_fs.js:842:13)
    at Object.writeTextFile (ext:deno_fs/30_fs.js:884:12)
    at saveCookies (file:///root/projects/grok-playground-better/src/handle_grok.js:19:20)
    at handleGrokRequest (file:///root/projects/grok-playground-better/src/handle_grok.js:62:9)
    at eventLoopTick (ext:core/01_core.js:178:7)
    at async mapped (ext:deno_http/00_serve.ts:399:18) {
  name: "NotCapable"
}
Error saving cookies: NotCapable: Requires write access to "../data/grok_cookies.json", run again with the --allow-write flag
    at writeFile (ext:deno_fs/30_fs.js:842:13)
    at Object.writeTextFile (ext:deno_fs/30_fs.js:884:12)
    at saveCookies (file:///root/projects/grok-playground-better/src/handle_grok.js:19:20)
    at handleGrokRequest (file:///root/projects/grok-playground-better/src/handle_grok.js:62:9)
    at eventLoopTick (ext:core/01_core.js:178:7)
    at async mapped (ext:deno_http/00_serve.ts:399:18) {
  name: "NotCapable"
}
Error saving cookies: NotCapable: Requires write access to "../data/grok_cookies.json", run again with the --allow-write flag
    at writeFile (ext:deno_fs/30_fs.js:842:13)
    at Object.writeTextFile (ext:deno_fs/30_fs.js:884:12)
    at saveCookies (file:///root/projects/grok-playground-better/src/handle_grok.js:19:20)
    at handleGrokRequest (file:///root/projects/grok-playground-better/src/handle_grok.js:62:9)
    at eventLoopTick (ext:core/01_core.js:178:7)
    at async mapped (ext:deno_http/00_serve.ts:399:18) {
  name: "NotCapable"
}
Error saving cookies: NotCapable: Requires write access to "../data/grok_cookies.json", run again with the --allow-write flag
    at writeFile (ext:deno_fs/30_fs.js:842:13)
    at Object.writeTextFile (ext:deno_fs/30_fs.js:884:12)
    at saveCookies (file:///root/projects/grok-playground-better/src/handle_grok.js:19:20)
    at handleGrokRequest (file:///root/projects/grok-playground-better/src/handle_grok.js:62:9)
    at eventLoopTick (ext:core/01_core.js:178:7)
    at async mapped (ext:deno_http/00_serve.ts:399:18) {
  name: "NotCapable"
}
Request URL: http://192.168.3.25:9080/_next/static/css/4ba5ff3a65297190.css
filePath: /_next/static/css/4ba5ff3a65297190.css
Request URL: http://192.168.3.25:9080/_next/static/css/4ba5ff3a65297190.css
Target URL: https://grok.com/_next/static/css/4ba5ff3a65297190.css
Error saving cookies: NotCapable: Requires write access to "../data/grok_cookies.json", run again with the --allow-write flag
    at writeFile (ext:deno_fs/30_fs.js:842:13)
    at Object.writeTextFile (ext:deno_fs/30_fs.js:884:12)
    at saveCookies (file:///root/projects/grok-playground-better/src/handle_grok.js:19:20)
    at handleGrokRequest (file:///root/projects/grok-playground-better/src/handle_grok.js:62:9)
    at eventLoopTick (ext:core/01_core.js:178:7)
    at async mapped (ext:deno_http/00_serve.ts:399:18) {
  name: "NotCapable"
}
Request URL: http://192.168.3.25:9080/_next/static/css/dd89e605550f760e.css
filePath: /_next/static/css/dd89e605550f760e.css
Request URL: http://192.168.3.25:9080/_next/static/css/dd89e605550f760e.css
Target URL: https://grok.com/_next/static/css/dd89e605550f760e.css
Error saving cookies: NotCapable: Requires write access to "../data/grok_cookies.json", run again with the --allow-write flag
    at writeFile (ext:deno_fs/30_fs.js:842:13)
    at Object.writeTextFile (ext:deno_fs/30_fs.js:884:12)
    at saveCookies (file:///root/projects/grok-playground-better/src/handle_grok.js:19:20)
    at handleGrokRequest (file:///root/projects/grok-playground-better/src/handle_grok.js:62:9)
    at eventLoopTick (ext:core/01_core.js:178:7)
    at async mapped (ext:deno_http/00_serve.ts:399:18) {
  name: "NotCapable"
}
Request URL: http://192.168.3.25:9080/_next/static/media/e1447589d6f59c4b.p.woff2
filePath: /_next/static/media/e1447589d6f59c4b.p.woff2
Request URL: http://192.168.3.25:9080/_next/static/media/e1447589d6f59c4b.p.woff2
Target URL: https://grok.com/_next/static/media/e1447589d6f59c4b.p.woff2
Request URL: http://192.168.3.25:9080/_next/static/media/f5a90156f8995c8c.p.woff2
filePath: /_next/static/media/f5a90156f8995c8c.p.woff2
Request URL: http://192.168.3.25:9080/_next/static/media/f5a90156f8995c8c.p.woff2
Target URL: https://grok.com/_next/static/media/f5a90156f8995c8c.p.woff2
Error saving cookies: NotCapable: Requires write access to "../data/grok_cookies.json", run again with the --allow-write flag
    at writeFile (ext:deno_fs/30_fs.js:842:13)
    at Object.writeTextFile (ext:deno_fs/30_fs.js:884:12)
    at saveCookies (file:///root/projects/grok-playground-better/src/handle_grok.js:19:20)
    at handleGrokRequest (file:///root/projects/grok-playground-better/src/handle_grok.js:62:9)
    at eventLoopTick (ext:core/01_core.js:178:7)
    at async mapped (ext:deno_http/00_serve.ts:399:18) {
  name: "NotCapable"
}
Error saving cookies: NotCapable: Requires write access to "../data/grok_cookies.json", run again with the --allow-write flag
    at writeFile (ext:deno_fs/30_fs.js:842:13)
    at Object.writeTextFile (ext:deno_fs/30_fs.js:884:12)
    at saveCookies (file:///root/projects/grok-playground-better/src/handle_grok.js:19:20)
    at handleGrokRequest (file:///root/projects/grok-playground-better/src/handle_grok.js:62:9)
    at eventLoopTick (ext:core/01_core.js:178:7)
    at async mapped (ext:deno_http/00_serve.ts:399:18) {
  name: "NotCapable"
}
Request URL: http://192.168.3.25:9080/
filePath: /
Request URL: http://192.168.3.25:9080/how_to_get_cookie.png
filePath: /how_to_get_cookie.png
